Start testing: Nov 26 20:14 CET
----------------------------------------------------------
1/1 Testing: random_test
1/1 Test: random_test
Command: "/home/bewo/Hiwi/genetic-library.git/src/tests/test_bin/random_test"
Directory: /home/bewo/Hiwi/genetic-library.git/src/tests/test_bin
"random_test" start time: Nov 26 20:14 CET
Output:
----------------------------------------------------------
Running 2 test cases...

*** No errors detected
<end of output>
Test time =   0.02 sec
----------------------------------------------------------
Test Passed.
"random_test" end time: Nov 26 20:14 CET
"random_test" time elapsed: 00:00:00
----------------------------------------------------------

End testing: Nov 26 20:14 CET
